This is pdfTeX, Version 3.141592653-2.6-1.40.23 (TeX Live 2021/W32TeX) (preloaded format=pdflatex 2021.11.18)  1 DEC 2021 19:36
entering extended mode
 restricted \write18 enabled.
 file:line:error style messages enabled.
 %&-line parsing enabled.
**d:/Users/NatalieHasselmann/Documents/3.Lehrjahr/Dokumentation/Projektdokumentation.tex
(d:/Users/NatalieHasselmann/Documents/3.Lehrjahr/Dokumentation/Projektdokumentation.tex
LaTeX2e <2021-11-15>
L3 programming layer <2021-11-12> (d:/Program Files/texlive/2021/texmf-dist/tex/latex/base/article.cls
Document Class: article 2021/10/04 v1.4n Standard LaTeX document class
(d:/Program Files/texlive/2021/texmf-dist/tex/latex/base/size10.clo
File: size10.clo 2021/10/04 v1.4n Standard LaTeX file (size option)
)
\c@part=\count183
\c@section=\count184
\c@subsection=\count185
\c@subsubsection=\count186
\c@paragraph=\count187
\c@subparagraph=\count188
\c@figure=\count189
\c@table=\count190
\abovecaptionskip=\skip47
\belowcaptionskip=\skip48
\bibindent=\dimen138
) (d:/Program Files/texlive/2021/texmf-dist/tex/latex/ucs/ucs.sty
Package: ucs 2013/05/11 v2.2 UCS: Unicode input support
 (d:/Program Files/texlive/2021/texmf-dist/tex/latex/ucs/data/uni-global.def
File: uni-global.def 2013/05/13 UCS: Unicode global data
)
\uc@secondtry=\count191
\uc@combtoks=\toks16
\uc@combtoksb=\toks17
\uc@temptokena=\toks18
) (d:/Program Files/texlive/2021/texmf-dist/tex/generic/babel/babel.sty
Package: babel 2021/11/08 3.66 The Babel package
\babel@savecnt=\count192
\U@D=\dimen139
\l@unhyphenated=\language87
 (d:/Program Files/texlive/2021/texmf-dist/tex/generic/babel/txtbabel.def)
\bbl@readstream=\read2
\bbl@dirlevel=\count193
 (d:/Program Files/texlive/2021/texmf-dist/tex/generic/babel-german/ngerman.ldf
Language: ngerman 2021/02/27 v2.13 German support for babel (post-1996 orthography)
 (d:/Program Files/texlive/2021/texmf-dist/tex/generic/babel-german/ngermanb.ldf
Language: ngermanb 2021/02/27 v2.13 German support for babel (post-1996 orthography)
Package babel Info: Making " an active character on input line 122.
))) (d:/Program Files/texlive/2021/texmf-dist/tex/latex/fancyref/fancyref.sty
Package: fancyref 1999/02/03 v0.9c Fancy cross-referencing
 (d:/Program Files/texlive/2021/texmf-dist/tex/latex/tools/varioref.sty
Package: varioref 2021/07/07 v1.6f package for extended references (FMi)
\c@vrcnt=\count194
)) (d:/Program Files/texlive/2021/texmf-dist/tex/latex/setspace/setspace.sty
Package: setspace 2011/12/19 v6.7a set line spacing
) (d:/Program Files/texlive/2021/texmf-dist/tex/latex/koma-script/scrlayer-scrpage.sty
Package: scrlayer-scrpage 2021/06/25 v3.34 KOMA-Script package (end user interface for scrlayer)
 (d:/Program Files/texlive/2021/texmf-dist/tex/latex/koma-script/scrlayer.sty
Package: scrlayer 2021/06/25 v3.34 KOMA-Script package (defining layers and page styles)
 (d:/Program Files/texlive/2021/texmf-dist/tex/latex/koma-script/scrkbase.sty
Package: scrkbase 2021/06/25 v3.34 KOMA-Script package (KOMA-Script-dependent basics and keyval usage)
 (d:/Program Files/texlive/2021/texmf-dist/tex/latex/koma-script/scrbase.sty
Package: scrbase 2021/06/25 v3.34 KOMA-Script package (KOMA-Script-independent basics and keyval usage)
 (d:/Program Files/texlive/2021/texmf-dist/tex/latex/koma-script/scrlfile.sty
Package: scrlfile 2021/06/25 v3.34 KOMA-Script package (file load hooks)
 (d:/Program Files/texlive/2021/texmf-dist/tex/latex/koma-script/scrlfile-hook.sty
Package: scrlfile-hook 2021/06/25 v3.34 KOMA-Script package (using LaTeX hooks)
 (d:/Program Files/texlive/2021/texmf-dist/tex/latex/koma-script/scrlogo.sty
Package: scrlogo 2021/06/25 v3.34 KOMA-Script package (logo)
))) (d:/Program Files/texlive/2021/texmf-dist/tex/latex/graphics/keyval.sty
Package: keyval 2014/10/28 v1.15 key=value parser (DPC)
\KV@toks@=\toks19
)
Applying: [2021/05/01] Usage of raw or classic option list on input line 252.
Already applied: [0000/00/00] Usage of raw or classic option list on input line 368.


LaTeX hooks Warning: Generic hook 'file/after/polyglossia.sty' is deprecated.
(hooks)              Use hook 'file/polyglossia.sty/after' instead.

))
\footheight=\skip49


LaTeX hooks Warning: Generic hook 'file/before/tagpdf.sty' is deprecated.
(hooks)              Use hook 'file/tagpdf.sty/before' instead.


LaTeX hooks Warning: Generic hook 'file/after/tagpdf.sty' is deprecated.
(hooks)              Use hook 'file/tagpdf.sty/after' instead.

Package scrlayer Info: patching LaTeX kernel macro \pagestyle on input line 2162.
)
Package scrbase Info: Unknown processing state.
(scrbase)             Processing option `markcase=noupper'
(scrbase)             of member `.scrlayer-scrpage.sty' of family
(scrbase)             `KOMA' doesn't set
(scrbase)             a valid state. This will be interpreted
(scrbase)             as \FamilyKeyStateProcessed on input line 636.
)
Package scrlayer-scrpage Info: auto-selection of `pagestyleset=standard'.

1: section
(d:/Program Files/texlive/2021/texmf-dist/tex/latex/l3backend/l3backend-pdftex.def
File: l3backend-pdftex.def 2021-10-18 L3 backend support: PDF output (pdfTeX)
\l__color_backend_stack_int=\count195
\l__pdf_internal_box=\box50
)

LaTeX Warning: Unused global option(s):
    [left,right].

(./Projektdokumentation.aux)
\openout1 = `Projektdokumentation.aux'.

LaTeX Font Info:    Checking defaults for OML/cmm/m/it on input line 21.
LaTeX Font Info:    ... okay on input line 21.
LaTeX Font Info:    Checking defaults for OMS/cmsy/m/n on input line 21.
LaTeX Font Info:    ... okay on input line 21.
LaTeX Font Info:    Checking defaults for OT1/cmr/m/n on input line 21.
LaTeX Font Info:    ... okay on input line 21.
LaTeX Font Info:    Checking defaults for T1/cmr/m/n on input line 21.
LaTeX Font Info:    ... okay on input line 21.
LaTeX Font Info:    Checking defaults for TS1/cmr/m/n on input line 21.
LaTeX Font Info:    ... okay on input line 21.
LaTeX Font Info:    Checking defaults for OMX/cmex/m/n on input line 21.
LaTeX Font Info:    ... okay on input line 21.
LaTeX Font Info:    Checking defaults for U/cmr/m/n on input line 21.
LaTeX Font Info:    ... okay on input line 21.
 (d:/Program Files/texlive/2021/texmf-dist/tex/latex/ucs/ucsencs.def
File: ucsencs.def 2011/01/21 Fixes to fontencodings LGR, T3
)
Package scrlayer Info: Setting magic \footheight to \baselineskip while
(scrlayer)             \begin{document} on input line 21.
LaTeX Font Info:    External font `cmex10' loaded for size
(Font)              <12> on input line 22.
LaTeX Font Info:    External font `cmex10' loaded for size
(Font)              <8> on input line 22.
LaTeX Font Info:    External font `cmex10' loaded for size
(Font)              <6> on input line 22.
LaTeX Font Info:    External font `cmex10' loaded for size
(Font)              <7> on input line 23.
LaTeX Font Info:    External font `cmex10' loaded for size
(Font)              <5> on input line 23.
 [1

{d:/Program Files/texlive/2021/texmf-var/fonts/map/pdftex/updmap/pdftex.map}] (./Projektdokumentation.toc)
\tf@toc=\write3
\openout3 = `Projektdokumentation.toc'.

 [2] (./Inhalt.tex
Overfull \hbox (13.83391pt too wide) in paragraph at lines 18--35
\OT1/cmr/m/n/10 F[]ur die Um-set-zung des Pro-jek-tes stan-den der Au-to-rin sechs Stun-den zur Verf[]ugung.
 []

[1]
Overfull \hbox (10.75374pt too wide) in paragraph at lines 67--67
[][]\OT1/cmr/m/n/8 Emma, Ap-fel-ku-chen in der Kas-ten-form, https://www.einfachbacken.de/rezepte/apfelkuchen-
 []

[2]
Overfull \hbox (8.334pt too wide) in paragraph at lines 74--76
\OT1/cmr/m/n/10 W[]ahrend der Durchf[]uhrung ist auf-ge-fal-len, dass nicht al-le Zuta-ten so-fort verf[]ugbar
 []

[3]) [4] (./Anhang.tex [1] [2])
Overfull \hbox (171.0288pt too wide) in paragraph at lines 70--32
\OT1/cmr/m/n/10 [1] Em-ma (2021), []Apfel-ku-chen in der Kas-ten-form",Einfach ba-cken, https://www.einfachbacken.de/rezepte/apfelkuchen-
 []


Overfull \hbox (173.251pt too wide) in paragraph at lines 70--32
\OT1/cmr/m/n/10 [2] Em-ma (2021), []Apfel-ku-chen in der Kas-ten-form", Ein-fach ba-cken, https://www.einfachbacken.de/rezepte/apfelkuchen-
 []

[3] (./Projektdokumentation.aux) ) 
Here is how much of TeX's memory you used:
 4136 strings out of 478371
 99819 string characters out of 5845479
 456127 words of memory out of 5000000
 22234 multiletter control sequences out of 15000+600000
 408719 words of font info for 44 fonts, out of 8000000 for 9000
 1141 hyphenation exceptions out of 8191
 123i,19n,120p,523b,475s stack positions out of 5000i,500n,10000p,200000b,80000s
{d:/Program Files/texlive/2021/texmf-dist/fonts/enc/dvips/cm-super/cm-super-ts1.enc}<d:/Program Files/texlive/2021/texmf-dist/fonts/type1/public/amsfonts/cm/cmbx10.pfb><d:/Program Files/texlive/2021/texmf-dist/fonts/type1/public/amsfonts/cm/cmbx12.pfb><d:/Program Files/texlive/2021/texmf-dist/fonts/type1/public/amsfonts/cm/cmr10.pfb><d:/Program Files/texlive/2021/texmf-dist/fonts/type1/public/amsfonts/cm/cmr12.pfb><d:/Program Files/texlive/2021/texmf-dist/fonts/type1/public/amsfonts/cm/cmr17.pfb><d:/Program Files/texlive/2021/texmf-dist/fonts/type1/public/amsfonts/cm/cmr6.pfb><d:/Program Files/texlive/2021/texmf-dist/fonts/type1/public/amsfonts/cm/cmr7.pfb><d:/Program Files/texlive/2021/texmf-dist/fonts/type1/public/amsfonts/cm/cmr8.pfb><d:/Program Files/texlive/2021/texmf-dist/fonts/type1/public/amsfonts/cm/cmsl10.pfb><d:/Program Files/texlive/2021/texmf-dist/fonts/type1/public/amsfonts/cm/cmti10.pfb><d:/Program Files/texlive/2021/texmf-dist/fonts/type1/public/cm-super/sfrm1000.pfb>
Output written on Projektdokumentation.pdf (9 pages, 153876 bytes).
PDF statistics:
 90 PDF objects out of 1000 (max. 8388607)
 56 compressed objects within 1 object stream
 0 named destinations out of 1000 (max. 500000)
 1 words of extra memory for PDF output out of 10000 (max. 10000000)

